[debug] [2020-05-14T20:09:53.997Z] ----------------------------------------------------------------------
[debug] [2020-05-14T20:09:53.999Z] Command:       C:\Program Files\nodejs\node.exe C:\Users\Marcu\AppData\Roaming\npm\node_modules\firebase-tools\lib\bin\firebase.js serve
[debug] [2020-05-14T20:09:54.000Z] CLI Version:   8.2.0
[debug] [2020-05-14T20:09:54.000Z] Platform:      win32
[debug] [2020-05-14T20:09:54.000Z] Node Version:  v12.16.3
[debug] [2020-05-14T20:09:54.001Z] Time:          Thu May 14 2020 15:09:54 GMT-0500 (Central Daylight Time)
[debug] [2020-05-14T20:09:54.001Z] ----------------------------------------------------------------------
[debug] [2020-05-14T20:09:54.001Z] 
[debug] [2020-05-14T20:09:54.044Z] > command requires scopes: ["email","openid","https://www.googleapis.com/auth/cloudplatformprojects.readonly","https://www.googleapis.com/auth/firebase","https://www.googleapis.com/auth/cloud-platform"]
[debug] [2020-05-14T20:09:54.045Z] > authorizing via signed-in user
[debug] [2020-05-14T20:09:54.045Z] [iam] checking project schedule-me-44d37 for permissions ["firebase.projects.get"]
[debug] [2020-05-14T20:09:54.048Z] > refreshing access token with scopes: ["email","https://www.googleapis.com/auth/cloud-platform","https://www.googleapis.com/auth/cloudplatformprojects.readonly","https://www.googleapis.com/auth/firebase","openid"]
[debug] [2020-05-14T20:09:54.049Z] >>> HTTP REQUEST POST https://www.googleapis.com/oauth2/v3/token  
 <request body omitted>
[debug] [2020-05-14T20:09:54.322Z] <<< HTTP RESPONSE 200 {"content-type":"application/json; charset=utf-8","vary":"X-Origin, Referer, Origin,Accept-Encoding","date":"Thu, 14 May 2020 20:09:53 GMT","server":"scaffolding on HTTPServer2","cache-control":"private","x-xss-protection":"0","x-frame-options":"SAMEORIGIN","x-content-type-options":"nosniff","alt-svc":"h3-27=\":443\"; ma=2592000,h3-25=\":443\"; ma=2592000,h3-T050=\":443\"; ma=2592000,h3-Q050=\":443\"; ma=2592000,h3-Q049=\":443\"; ma=2592000,h3-Q048=\":443\"; ma=2592000,h3-Q046=\":443\"; ma=2592000,h3-Q043=\":443\"; ma=2592000,quic=\":443\"; ma=2592000; v=\"46,43\"","accept-ranges":"none","transfer-encoding":"chunked"}
[debug] [2020-05-14T20:09:54.363Z] >>> HTTP REQUEST POST https://cloudresourcemanager.googleapis.com/v1/projects/schedule-me-44d37:testIamPermissions  
 {"permissions":["firebase.projects.get"]}
[debug] [2020-05-14T20:09:54.635Z] <<< HTTP RESPONSE 200 {"content-type":"application/json; charset=UTF-8","vary":"X-Origin, Referer, Origin,Accept-Encoding","date":"Thu, 14 May 2020 20:09:53 GMT","server":"ESF","cache-control":"private","x-xss-protection":"0","x-frame-options":"SAMEORIGIN","x-content-type-options":"nosniff","server-timing":"gfet4t7; dur=81","alt-svc":"h3-27=\":443\"; ma=2592000,h3-25=\":443\"; ma=2592000,h3-T050=\":443\"; ma=2592000,h3-Q050=\":443\"; ma=2592000,h3-Q049=\":443\"; ma=2592000,h3-Q048=\":443\"; ma=2592000,h3-Q046=\":443\"; ma=2592000,h3-Q043=\":443\"; ma=2592000,quic=\":443\"; ma=2592000; v=\"46,43\"","accept-ranges":"none","transfer-encoding":"chunked"}
[debug] [2020-05-14T20:09:54.636Z] >>> HTTP REQUEST GET https://firebase.googleapis.com/v1beta1/projects/schedule-me-44d37  
 
[debug] [2020-05-14T20:09:55.052Z] <<< HTTP RESPONSE 200 {"content-type":"application/json; charset=UTF-8","vary":"X-Origin, Referer, Origin,Accept-Encoding","date":"Thu, 14 May 2020 20:09:53 GMT","server":"ESF","cache-control":"private","x-xss-protection":"0","x-frame-options":"SAMEORIGIN","x-content-type-options":"nosniff","alt-svc":"h3-27=\":443\"; ma=2592000,h3-25=\":443\"; ma=2592000,h3-T050=\":443\"; ma=2592000,h3-Q050=\":443\"; ma=2592000,h3-Q049=\":443\"; ma=2592000,h3-Q048=\":443\"; ma=2592000,h3-Q046=\":443\"; ma=2592000,h3-Q043=\":443\"; ma=2592000,quic=\":443\"; ma=2592000; v=\"46,43\"","accept-ranges":"none","transfer-encoding":"chunked"}
[info] 
[info] === Serving from 'C:\Users\Marcu\OneDrive\Desktop\CSC424 FINAL PROJECT NEVER DELETE\Capstone'...
[info] 
[debug] [2020-05-14T20:09:55.056Z] >>> HTTP REQUEST GET https://firebase.googleapis.com/v1beta1/projects/schedule-me-44d37/webApps/-/config  
 
[debug] [2020-05-14T20:09:55.758Z] <<< HTTP RESPONSE 200 {"content-type":"application/json; charset=UTF-8","vary":"X-Origin, Referer, Origin,Accept-Encoding","date":"Thu, 14 May 2020 20:09:54 GMT","server":"ESF","cache-control":"private","x-xss-protection":"0","x-frame-options":"SAMEORIGIN","x-content-type-options":"nosniff","alt-svc":"h3-27=\":443\"; ma=2592000,h3-25=\":443\"; ma=2592000,h3-T050=\":443\"; ma=2592000,h3-Q050=\":443\"; ma=2592000,h3-Q049=\":443\"; ma=2592000,h3-Q048=\":443\"; ma=2592000,h3-Q046=\":443\"; ma=2592000,h3-Q043=\":443\"; ma=2592000,quic=\":443\"; ma=2592000; v=\"46,43\"","accept-ranges":"none","transfer-encoding":"chunked"}
[info] i  hosting: Serving hosting files from: public
[info] +  hosting: Local server: http://localhost:5000
[warn] !  Your requested "node" version "8" doesn't match your global version "12"
[info] +  functions: functions emulator started at http://localhost:5001
[info] i  functions: Watching "C:\Users\Marcu\OneDrive\Desktop\CSC424 FINAL PROJECT NEVER DELETE\Capstone\functions" for Cloud Functions...
[debug] [2020-05-14T20:09:57.114Z] [worker-pool] addWorker(~diagnostic~) 
[debug] [2020-05-14T20:09:57.114Z] [worker-pool] Adding worker with key ~diagnostic~, total=1 
[debug] [2020-05-14T20:09:57.114Z] [worker-pool] submitWork(triggerId=) 
[debug] [2020-05-14T20:09:57.115Z] [worker-~diagnostic~-7644f471-2e94-4c09-99e0-1fe823efe749]: Assigning socketPath: \\?\pipe\C:\Users\Marcu\OneDrive\Desktop\CSC424 FINAL PROJECT NEVER DELETE\Capstone\functions\17644 
[debug] [2020-05-14T20:09:57.115Z] [worker-~diagnostic~-7644f471-2e94-4c09-99e0-1fe823efe749]: BUSY 
[debug] [2020-05-14T20:09:57.581Z] [runtime-status] [17644] Functions runtime initialized. {"cwd":"C:\\Users\\Marcu\\OneDrive\\Desktop\\CSC424 FINAL PROJECT NEVER DELETE\\Capstone\\functions","node_version":"12.16.3"} 
[debug] [2020-05-14T20:09:57.582Z] [runtime-status] [17644] Disabled runtime features: undefined 
[warn] !  The Cloud Functions emulator requires the module "firebase-admin" to be installed. This package is in your package.json, but it's not available. You probably need to run "npm install" in your functions directory.
[info] i  functions: Your functions could not be parsed due to an issue with your node_modules (see above)
[debug] [2020-05-14T20:09:57.609Z] [worker-~diagnostic~-7644f471-2e94-4c09-99e0-1fe823efe749]: exited 
[debug] [2020-05-14T20:09:57.610Z] [worker-~diagnostic~-7644f471-2e94-4c09-99e0-1fe823efe749]: FINISHED 
